fail: fngkrmmwapuutwtn[pjrinpthoymdxemoe]qoxhlklweoscgcagw[pyrevdqrznakburr]fnsowwitbsxsdsdv[hzbrhpemwokvyhpohjw]jppmuxhrsdsmmprl
fail: wfpphsvqgdaostxg[abwxepvuvujjmdbhees]uxitcdrdkyaqgtyrdr[rqdczpmmmisomtmop]lnqpzuqcyrdgzrcc[cvzwdsaeorgdzzklrx]ekwjqzkeolvlkkqtj
fail: qzhiltifnugunsngzg[fxfhjhvijjnhnxkbl]bbaftchmgjrfuanns
fail: isducdmcjzbiacltx[jvkepdvzknnyqegqte]zbuvzcrrsbjsqkf[dowjjsipssfisalqwmk]uzrmibeeevzeuxtb[ajzixsnzrxwpekzpy]weogtsmtsuxvjyhy
fail: dnxhdwkvawccsfvncy[odsmukbcbpfyjqeau]ugusdxmjuxjosasg[ouwrwzplzttepynf]avhgcbmjesyqkzjgms
fail: pwyizorvifedguhjqrg[zsafqttsqlygzwmqv]hxilzjvsuyfnyck[dnovwvccguuzizrjw]qgbluurgbxnollv
fail: meqzvrprpthaebpd[htamsljskphtldx]riagbpmpasjnjefv[cvpfevyvpivbals]tgxiqxmhvqhhmrr[cgeamacqfrlrhaoz]vficakheeoprpbows
fail: okkhpeexympjqvlamxu[mvjvngmxhkbiaygi]pnwoitpqlyqaiwdpf[ryfcbkcyzbvxuyngw]xxgknvjauivacqxr[tqmanixcxxbolxf]orhkvkwpyrwbymux
fail: ipwcjobowzgrgzmnf[uahjinxxnmyyibzp]badwoisgtafnkgnp
pass: bcbwbvyvqpozfig[twwsbwyhvfaddwo]jogvkczzowocmkwwlla[yedsazzkeklftvohfqz]tghtcjemmehumuyxar
fail: bevtohpxkrlrjjen[jxnohlogvkugugmk]nrxomawkgbwlnqwb[rtjoeivssknwelkhv]dihcnpigtbnwfdlxhm
fail: upuufvskhseazwfttq[kkipejrjmxwmqjsh]xquyqplziwgvkkiyv[iirqohxpmcxsjryb]ajblnptlfnukvae
fail: sijztjuwnyftelgytm[mgirqlkcbaigiyx]wgbeoandnwaudhgvd[drhbrumogcajpxnvqov]vwandmoxgzsokgfs[xwgtfizcmyjrfzgejhv]nhckviycimfezwefw
fail: gfgrgtizxajkaicjcc[mftrzuftzrgrwilsv]uckwgxywnamzjglbnts
fail: znbgncjrhyxaxgd[xyyzkorhakwqubjzk]wrsdvjsrsdorwkgr[krrqukxrdobhkzmr]mdebvnlirbtdbavpj[adbczigmaoreudvgns]yqxeoeccdlpuwyvf
fail: ymjcaobrviuqtvxjqq[jwpvalizcmbpfdjk]wmxpzhqvcavedvmhtn[llsefbpkphhetqhbj]qryznzcexwgvxni
fail: ginmrsljkrcminltayt[iarzxlzixokzfxiazwl]aircthhepljgylm[wlorimkebaxcvcwanlh]bihvjtofcsnvuem
fail: zdegfhthlaitfojyj[bltnoljmwcfdvle]gnadpzusiepwthtv[ieuoyrprfkwonhwjt]wwfphscvjchvrab
fail: kdnddjueyrofzhjdzcs[asdqcpbunitvxrwi]usylnhwfapvczeb[ozrrpkegwtbkftyeusg]pncbcdrovovzozcazn
fail: lkksyjqoayppxtvns[csiuzvhklkfijem]xpsmnkdmivkitka[djmnmzweqxrkfomzqhr]wkzmhoiasanmhez[wojpalkldcaopeg]murhvjrgpwxpbveekq
fail: jawznxjorxwvflmkk[gafmrermlounwjqod]nalazknfqhepgnelal
fail: wlszezwacdeehnlnoj[njlzbwkfnvnbwim]fydgpvvovkuardng[gqxvckevjodockykp]qsbtvwpwaaeatbd
fail: bwwttxctuzuezxfdz[apvuanhzemgcupc]qcfxkvevimwvwpu[zhhorxgplrpuyabae]gzabsprhuhwrtkd[sqhumhfqwdgxthu]fyebhdninkahfyy
fail: hhttjuhgvcgkisaqof[obpleewrfrrsgpumz]umcmeaytqjlqkyrawp[rhkhciyzmxciiysv]kszzqcmcylslhlpqjag
fail: fnevugmjjescvvmbmt[bjzdquqohnusozz]fwlevkwzllmptbcelsh
fail: hzqfveaxrqycvuolynx[ztsmaipixbuhbmv]ebvofyoeponbpip
fail: utmnuyowmxipzhde[yuvqwfsuyhonciiepq]ynjvqvvifywnecwzdk[httqooeiilokkjghwjq]znixikpswkpgxcchuyg
fail: goojhvcnizyiukzgmwb[euyvjdmnjjrkjwpu]puidllwqpsddlrhx
fail: ysglduipsofxegb[kzrbdzimejxkyftyuz]aekosjomszyegyy[vpkwocloupebnjeo]ocdaynpnnytwrgkn
fail: anheyoxddpkmqla[isqzqeuwwitvtqy]jnchwevvrgyznqsomum[kribzkkrxawjnfsmiux]mlerrnvwcydnfckydfm[hwouaafteeabtgflb]acwwvgztxwcanzizha
fail: kaqernqhzefzthuc[tiuifctajhxawtoi]kyqdkeudzkihvfsn
fail: vwwekuavrftztxb[aywyoempmajrdkxpsc]eibnjbszsfsapujqn[rxpcsihuzszefcdzl]gsahdvozzgxjhontxk
fail: ymjyffbcgimsalujegr[dnppglortkqlowskj]wxwtxtdaaopcyvp[xfsnsdrlopdotuqx]sprrvphwennltlddiw
fail: lguyxqxdnirprljpkec[gevtjwbiofgesdwil]phnydixjjjcprpxlpj
fail: mgjnnftohavesepu[slwhvezajhvdukghl]hdhtlheqzqqrsqmfqyz
fail: iapqmjgrjnecxylopbo[pnbvgmbhbcmcnpsf]opurzpqoyxdxfkud
fail: efuoofbuyjoaqjd[achnmlslfvovmgt]xcuyvikslsewgqlx[gjxolnhgqhhglojjqhy]iarxidejlgphqwaei
fail: uxpcurtzqgpgtzkvp[mibqtgwackcedfri]otnnsgolldyzdpbew[tmgiijgjuvjykwahml]xxgjgzmnicxmywdubrb[hwhcgbzhuoankdubft]rxqzywfyuliatahn
fail: uhmufcxuptehmuf[sygthxldinztzudvs]bdxukzqaxeavvrbqmuz[wovugtpgwisttusjlet]tpfbcndafwhdnolv
fail: kwknefvhmzbtjezkh[zcvncbptzekirhqo]qvgnyfkmrnxlgxzjjxl[twxzjkybjlrpurfmufa]lclhwuylibekjjxc
fail: mspxottklkidvlomd[rhiachlbqgpdhfnxyc]ekkxgijnueonlkpfkm[dnwcjiihmpjqtmb]dkknlqniolowydd[dyqofryhvgracxeuivp]pbsgttbtgksqqevytrb
fail: pjvdfpsdlampeztecfq[lpqshzeegwiouas]nwxqaoryigyvbby[iiddsczjoxentwv]weexunkmtaaufurjz[meywmosucyrxzlgxi]huqfmfpxdmcmqfk
fail: abbhujqyoaphnruaih[yidrkxgrxeoarph]fvryghhzqrobkbsck[dnokdwmkbktlfoihxl]ttptfiadsswiwsfbvf
fail: djwqivpbexyvdquh[qmmdydhjbmunyjixviv]nradabzesdavhasjbjs[lsabjblhocebvyhfee]hwbyvnzltgezasg
fail: maxofygcnygnwefsb[gdfccusdbseqsqfwva]cxdmwhnjitaazhjftn[kcratndpffdnbopd]wocybndplnotqgctr[ymceqbtulsezvftsi]eggtzhqojksdjapnv
fail: lzihlroqvmeohnun[wskcytlimfagjyd]tnehibbupupuhepqz[hschjdjtzbvavum]zstmglsltkovvckpmqr
fail: syzoikkgzplleoaz[ccpsffhupzpuhjcw]kaswkcoyhlrayhikme[qnjnztjupvbwyns]ggmkqikeziailzpuv[ugqgbpunztgvsxsp]mntxaumliefzkpnia
fail: dxnkgspqhyejogxstsk[jfgckouqypxttst]axtisjbtaviwafh
fail: baxazxlkzlyzvbdvtlc[yhegkwrrluxcnaahyl]nyegiipdjrnjobyjp[ulhbizabyukfvhmdg]hgmxctzxzewckasi[fuvwuolxkcfdkmtcngk]xvmvoydeiuaeawcz
fail: bkomgyefwkmwwpsayb[rozknmkljogphrqywyo]vlpasefojmrzbpox[epogjnrjrntbcnzha]okfkagkfyagcszueu[gjpfnuvnazbnqylfm]busunenasatqeieestf
fail: dwlbzijjdujfhotvj[swplsznswlgnaud]bgedlfxgjbwxekq
fail: ffjhdorivdezjdb[tqkfrzxthlxadqstmqe]ttmrscyvbrresartqnh[rfztsxgbedcdecgv]qxcsxdqhshsqtjtl
fail: zwosebsoogknldkh[mkcucbphbvnaqyxjope]aibznttouadentsy[xfucuvnlnchuawcapcq]jqherkgzqodpzydtgu
fail: xondkuknycfwyenkceu[ugjlxueqtcyhyhni]bbofydvkhtjgxxnyrc[gpnwoarvjltzyhhe]qebolgjnwnstokco
fail: cygilweroxmbmbmx[hopxissehjarmezawol]exywzaffjuhehvmbm
fail: nbndomwcaauiluzbg[qjxqxhccqsvtkwm]oazwbouchccdhtrbnbv[vetwfilwgnxxxrhxar]mrbcnwlpciwpizkxj
